빌드 시작: 2021-01-05 오전 2:26:54
     1>2 노드의 "G:\Home_appliances\Home_appliances.vcxproj" 프로젝트(build 대상)입니다.
     1>InitializeBuildStatus:
         "AlwaysCreate"이(가) 지정되었기 때문에 "Debug\Home_appliances.unsuccessfulbuild"을(를) 만들고 있습니다.
       ClCompile:
         C:\Program Files (x86)\Microsoft Visual Studio 10.0\VC\bin\CL.exe /c /ZI /nologo /W3 /WX- /Od /Oy- /D WIN32 /D _DEBUG /D _CONSOLE /D _UNICODE /D UNICODE /Gm /EHsc /RTC1 /MDd /GS /fp:precise /Zc:wchar_t /Zc:forScope /Fo"Debug\\" /Fd"Debug\vc100.pdb" /Gd /TP /analyze- /errorReport:prompt main.cpp
         main.cpp
     1>g:\home_appliances\elecapp.h(52): warning C4244: 'return' : 'time_t'에서 'double'(으)로 변환하면서 데이터가 손실될 수 있습니다.
     1>g:\home_appliances\elecapp.h(62): warning C4244: 'return' : 'time_t'에서 'double'(으)로 변환하면서 데이터가 손실될 수 있습니다.
     1>g:\home_appliances\elecapp.h(94): warning C4244: '+=' : 'time_t'에서 'int'(으)로 변환하면서 데이터가 손실될 수 있습니다.
     1>g:\home_appliances\elecapp.h(101): warning C4244: '+=' : 'time_t'에서 'int'(으)로 변환하면서 데이터가 손실될 수 있습니다.
     1>g:\home_appliances\microwave.h(30): warning C4244: '인수' : 'double'에서 'int'(으)로 변환하면서 데이터가 손실될 수 있습니다.
     1>g:\home_appliances\microwave.h(61): warning C4244: '인수' : 'double'에서 'time_t'(으)로 변환하면서 데이터가 손실될 수 있습니다.
     1>g:\home_appliances\microwave.h(106): warning C4244: '인수' : 'double'에서 'int'(으)로 변환하면서 데이터가 손실될 수 있습니다.
     1>g:\home_appliances\microwave.h(107): warning C4244: '인수' : 'double'에서 'time_t'(으)로 변환하면서 데이터가 손실될 수 있습니다.
     1>g:\home_appliances\microwave.h(122): warning C4244: '=' : 'double'에서 'int'(으)로 변환하면서 데이터가 손실될 수 있습니다.
       ManifestResourceCompile:
         모든 출력이 최신 상태입니다.
       Link:
         C:\Program Files (x86)\Microsoft Visual Studio 10.0\VC\bin\link.exe /ERRORREPORT:PROMPT /OUT:"G:\Home_appliances\Debug\Home_appliances.exe" /INCREMENTAL /NOLOGO kernel32.lib user32.lib gdi32.lib winspool.lib comdlg32.lib advapi32.lib shell32.lib ole32.lib oleaut32.lib uuid.lib odbc32.lib odbccp32.lib /MANIFEST /ManifestFile:"Debug\Home_appliances.exe.intermediate.manifest" /MANIFESTUAC:"level='asInvoker' uiAccess='false'" /DEBUG /PDB:"G:\Home_appliances\Debug\Home_appliances.pdb" /SUBSYSTEM:CONSOLE /TLBID:1 /DYNAMICBASE /NXCOMPAT /IMPLIB:"G:\Home_appliances\Debug\Home_appliances.lib" /MACHINE:X86 Debug\Home_appliances.exe.embed.manifest.res
         Debug\main.obj
       Manifest:
         C:\Program Files (x86)\Microsoft SDKs\Windows\v7.0A\bin\mt.exe /nologo /verbose /out:"Debug\Home_appliances.exe.embed.manifest" /manifest Debug\Home_appliances.exe.intermediate.manifest
         모든 출력이 최신 상태입니다.
       LinkEmbedManifest:
         모든 출력이 최신 상태입니다.
         Home_appliances.vcxproj -> G:\Home_appliances\Debug\Home_appliances.exe
       FinalizeBuildStatus:
         "Debug\Home_appliances.unsuccessfulbuild" 파일을 삭제하고 있습니다.
         "Debug\Home_appliances.lastbuildstate"에 연결(touching)하고 있습니다.
     1>"G:\Home_appliances\Home_appliances.vcxproj" 프로젝트를 빌드했습니다(build 대상).

빌드했습니다.

경과 시간: 00:00:05.56
